Determining if the Q_WS_WIN exist failed with the following output:
Change Dir: /home/student/stefan_home/SamplePluginPA10/build/CMakeFiles/CMakeTmp

Run Build Command:/usr/bin/make "cmTryCompileExec562000787/fast"
/usr/bin/make -f CMakeFiles/cmTryCompileExec562000787.dir/build.make CMakeFiles/cmTryCompileExec562000787.dir/build
make[1]: Entering directory `/home/student/stefan_home/SamplePluginPA10/build/CMakeFiles/CMakeTmp'
/usr/bin/cmake -E cmake_progress_report /home/student/stefan_home/SamplePluginPA10/build/CMakeFiles/CMakeTmp/CMakeFiles 1
Building CXX object CMakeFiles/cmTryCompileExec562000787.dir/CheckSymbolExists.cxx.o
/usr/bin/c++    -I/usr/include/qt4    -o CMakeFiles/cmTryCompileExec562000787.dir/CheckSymbolExists.cxx.o -c /home/student/stefan_home/SamplePluginPA10/build/CMakeFiles/CMakeTmp/CheckSymbolExists.cxx
/home/student/stefan_home/SamplePluginPA10/build/CMakeFiles/CMakeTmp/CheckSymbolExists.cxx: In function ‘int main(int, char**)’:
/home/student/stefan_home/SamplePluginPA10/build/CMakeFiles/CMakeTmp/CheckSymbolExists.cxx:8:19: error: ‘Q_WS_WIN’ was not declared in this scope
   return ((int*)(&Q_WS_WIN))[argc];
                   ^
make[1]: *** [CMakeFiles/cmTryCompileExec562000787.dir/CheckSymbolExists.cxx.o] Error 1
make[1]: Leaving directory `/home/student/stefan_home/SamplePluginPA10/build/CMakeFiles/CMakeTmp'
make: *** [cmTryCompileExec562000787/fast] Error 2

File /home/student/stefan_home/SamplePluginPA10/build/CMakeFiles/CMakeTmp/CheckSymbolExists.cxx:
/* */
#include <QtCore/qglobal.h>

int main(int argc, char** argv)
{
  (void)argv;
#ifndef Q_WS_WIN
  return ((int*)(&Q_WS_WIN))[argc];
#else
  (void)argc;
  return 0;
#endif
}

Determining if the Q_WS_QWS exist failed with the following output:
Change Dir: /home/student/stefan_home/SamplePluginPA10/build/CMakeFiles/CMakeTmp

Run Build Command:/usr/bin/make "cmTryCompileExec3591356450/fast"
/usr/bin/make -f CMakeFiles/cmTryCompileExec3591356450.dir/build.make CMakeFiles/cmTryCompileExec3591356450.dir/build
make[1]: Entering directory `/home/student/stefan_home/SamplePluginPA10/build/CMakeFiles/CMakeTmp'
/usr/bin/cmake -E cmake_progress_report /home/student/stefan_home/SamplePluginPA10/build/CMakeFiles/CMakeTmp/CMakeFiles 1
Building CXX object CMakeFiles/cmTryCompileExec3591356450.dir/CheckSymbolExists.cxx.o
/usr/bin/c++    -I/usr/include/qt4    -o CMakeFiles/cmTryCompileExec3591356450.dir/CheckSymbolExists.cxx.o -c /home/student/stefan_home/SamplePluginPA10/build/CMakeFiles/CMakeTmp/CheckSymbolExists.cxx
/home/student/stefan_home/SamplePluginPA10/build/CMakeFiles/CMakeTmp/CheckSymbolExists.cxx: In function ‘int main(int, char**)’:
/home/student/stefan_home/SamplePluginPA10/build/CMakeFiles/CMakeTmp/CheckSymbolExists.cxx:8:19: error: ‘Q_WS_QWS’ was not declared in this scope
   return ((int*)(&Q_WS_QWS))[argc];
                   ^
make[1]: *** [CMakeFiles/cmTryCompileExec3591356450.dir/CheckSymbolExists.cxx.o] Error 1
make[1]: Leaving directory `/home/student/stefan_home/SamplePluginPA10/build/CMakeFiles/CMakeTmp'
make: *** [cmTryCompileExec3591356450/fast] Error 2

File /home/student/stefan_home/SamplePluginPA10/build/CMakeFiles/CMakeTmp/CheckSymbolExists.cxx:
/* */
#include <QtCore/qglobal.h>

int main(int argc, char** argv)
{
  (void)argv;
#ifndef Q_WS_QWS
  return ((int*)(&Q_WS_QWS))[argc];
#else
  (void)argc;
  return 0;
#endif
}

Determining if the Q_WS_MAC exist failed with the following output:
Change Dir: /home/student/stefan_home/SamplePluginPA10/build/CMakeFiles/CMakeTmp

Run Build Command:/usr/bin/make "cmTryCompileExec814846494/fast"
/usr/bin/make -f CMakeFiles/cmTryCompileExec814846494.dir/build.make CMakeFiles/cmTryCompileExec814846494.dir/build
make[1]: Entering directory `/home/student/stefan_home/SamplePluginPA10/build/CMakeFiles/CMakeTmp'
/usr/bin/cmake -E cmake_progress_report /home/student/stefan_home/SamplePluginPA10/build/CMakeFiles/CMakeTmp/CMakeFiles 1
Building CXX object CMakeFiles/cmTryCompileExec814846494.dir/CheckSymbolExists.cxx.o
/usr/bin/c++    -I/usr/include/qt4    -o CMakeFiles/cmTryCompileExec814846494.dir/CheckSymbolExists.cxx.o -c /home/student/stefan_home/SamplePluginPA10/build/CMakeFiles/CMakeTmp/CheckSymbolExists.cxx
/home/student/stefan_home/SamplePluginPA10/build/CMakeFiles/CMakeTmp/CheckSymbolExists.cxx: In function ‘int main(int, char**)’:
/home/student/stefan_home/SamplePluginPA10/build/CMakeFiles/CMakeTmp/CheckSymbolExists.cxx:8:19: error: ‘Q_WS_MAC’ was not declared in this scope
   return ((int*)(&Q_WS_MAC))[argc];
                   ^
make[1]: *** [CMakeFiles/cmTryCompileExec814846494.dir/CheckSymbolExists.cxx.o] Error 1
make[1]: Leaving directory `/home/student/stefan_home/SamplePluginPA10/build/CMakeFiles/CMakeTmp'
make: *** [cmTryCompileExec814846494/fast] Error 2

File /home/student/stefan_home/SamplePluginPA10/build/CMakeFiles/CMakeTmp/CheckSymbolExists.cxx:
/* */
#include <QtCore/qglobal.h>

int main(int argc, char** argv)
{
  (void)argv;
#ifndef Q_WS_MAC
  return ((int*)(&Q_WS_MAC))[argc];
#else
  (void)argc;
  return 0;
#endif
}

